<?xml version="1.0" encoding="UTF-8"?>
<!-- Generated by org.testng.reporters.JUnitReportReporter -->
<testsuite name="com.testng.Simple_Annotations" tests="3" time="0.025" ignored="0" failures="0" timestamp="22 Nov 2021 18:27:42 GMT" skipped="0" hostname="LAPTOP-474KM3EH" errors="0">
  <testcase name="button2" time="0.013" classname="com.testng.Simple_Annotations"/>
  <testcase name="button3" time="0.003" classname="com.testng.Simple_Annotations"/>
  <testcase name="button1" time="0.009" classname="com.testng.Simple_Annotations"/>
</testsuite> <!-- com.testng.Simple_Annotations -->
