<?xml version="1.0" encoding="UTF-8"?>
<!-- Generated by org.testng.reporters.JUnitReportReporter -->
<testsuite name="org.lao.testng.P9_Parallel_Tests" tests="4" time="44.180" ignored="0" failures="0" timestamp="25 Nov 2021 15:56:41 GMT" skipped="0" hostname="LAPTOP-474KM3EH" errors="0">
  <testcase name="openBing" time="5.822" classname="org.lao.testng.P9_Parallel_Tests"/>
  <testcase name="openAutomation" time="21.239" classname="org.lao.testng.P9_Parallel_Tests"/>
  <testcase name="openAdactin" time="8.579" classname="org.lao.testng.P9_Parallel_Tests"/>
  <testcase name="openGoogle" time="8.540" classname="org.lao.testng.P9_Parallel_Tests"/>
</testsuite> <!-- org.lao.testng.P9_Parallel_Tests -->
