<?xml version="1.0" encoding="UTF-8"?>
<!-- Generated by org.testng.reporters.JUnitReportReporter -->
<testsuite name="org.lao.testng.P10_Assertion" tests="1" time="0.012" ignored="0" failures="0" timestamp="25 Nov 2021 17:06:23 GMT" skipped="0" hostname="LAPTOP-474KM3EH" errors="0">
  <testcase name="checkEquals" time="0.012" classname="org.lao.testng.P10_Assertion"/>
</testsuite> <!-- org.lao.testng.P10_Assertion -->
