<?xml version="1.0" encoding="UTF-8"?>
<!-- Generated by org.testng.reporters.JUnitReportReporter -->
<testsuite name="org.lao.testng.Parameterized_Test" tests="3" time="0.023" ignored="0" failures="0" timestamp="25 Nov 2021 13:42:31 GMT" skipped="0" hostname="LAPTOP-474KM3EH" errors="0">
  <testcase name="printPwrd" time="0.003" classname="org.lao.testng.Parameterized_Test"/>
  <testcase name="login" time="0.002" classname="org.lao.testng.Parameterized_Test"/>
  <testcase name="printName" time="0.018" classname="org.lao.testng.Parameterized_Test"/>
</testsuite> <!-- org.lao.testng.Parameterized_Test -->
