<?xml version="1.0" encoding="UTF-8"?>
<!-- Generated by org.testng.reporters.JUnitReportReporter -->
<testsuite name="org.lao.testng.DependencyManagement" tests="5" time="0.017" ignored="0" failures="0" timestamp="25 Nov 2021 08:41:38 GMT" skipped="0" hostname="LAPTOP-474KM3EH" errors="0">
  <testcase name="highSchool" time="0.002" classname="org.lao.testng.DependencyManagement"/>
  <testcase name="college" time="0.001" classname="org.lao.testng.DependencyManagement"/>
  <testcase name="tenth" time="0.012" classname="org.lao.testng.DependencyManagement"/>
  <testcase name="managers" time="0.001" classname="org.lao.testng.DependencyManagement"/>
  <testcase name="companytrainees" time="0.001" classname="org.lao.testng.DependencyManagement"/>
</testsuite> <!-- org.lao.testng.DependencyManagement -->
