<?xml version="1.0" encoding="UTF-8"?>
<!-- Generated by org.testng.reporters.JUnitReportReporter -->
<testsuite name="org.lao.testng.Grouping_Class" tests="8" time="0.051" ignored="0" failures="0" timestamp="29 Nov 2021 15:49:52 GMT" skipped="0" hostname="LAPTOP-474KM3EH" errors="0">
  <testcase name="apple1" time="0.032" classname="org.lao.testng.Grouping_Class"/>
  <testcase name="redmi1" time="0.003" classname="org.lao.testng.Grouping_Class"/>
  <testcase name="apple2" time="0.004" classname="org.lao.testng.Grouping_Class"/>
  <testcase name="samsung1" time="0.002" classname="org.lao.testng.Grouping_Class"/>
  <testcase name="vivo1" time="0.002" classname="org.lao.testng.Grouping_Class"/>
  <testcase name="redmi2" time="0.004" classname="org.lao.testng.Grouping_Class"/>
  <testcase name="vivo2" time="0.002" classname="org.lao.testng.Grouping_Class"/>
  <testcase name="samsung2" time="0.002" classname="org.lao.testng.Grouping_Class"/>
</testsuite> <!-- org.lao.testng.Grouping_Class -->
