<?xml version="1.0" encoding="UTF-8"?>
<!-- Generated by org.testng.reporters.JUnitReportReporter -->
<testsuite name="org.lao.testng.P11_AnnotationHierarchy" tests="3" time="0.008" ignored="0" failures="0" timestamp="25 Nov 2021 17:30:17 GMT" skipped="0" hostname="LAPTOP-474KM3EH" errors="0">
  <testcase name="test2" time="0.002" classname="org.lao.testng.P11_AnnotationHierarchy"/>
  <testcase name="test1" time="0.004" classname="org.lao.testng.P11_AnnotationHierarchy"/>
  <testcase name="test3" time="0.002" classname="org.lao.testng.P11_AnnotationHierarchy"/>
</testsuite> <!-- org.lao.testng.P11_AnnotationHierarchy -->
