<?xml version="1.0" encoding="UTF-8"?>
<!-- Generated by org.testng.reporters.JUnitReportReporter -->
<testsuite name="com.testng.TestNG_Adactin" tests="6" time="17.260" ignored="0" failures="0" timestamp="29 Nov 2021 18:03:28 GMT" skipped="0" hostname="LAPTOP-474KM3EH" errors="0">
  <testcase name="launch_Browser" time="2.198" classname="com.testng.TestNG_Adactin"/>
  <testcase name="log4j" time="0.113" classname="com.testng.TestNG_Adactin"/>
  <testcase name="itener_Logout" time="8.382" classname="com.testng.TestNG_Adactin"/>
  <testcase name="registration_Process" time="1.821" classname="com.testng.TestNG_Adactin"/>
  <testcase name="hotel_Booking" time="3.571" classname="com.testng.TestNG_Adactin"/>
  <testcase name="adactin_Signin" time="1.175" classname="com.testng.TestNG_Adactin"/>
</testsuite> <!-- com.testng.TestNG_Adactin -->
