<?xml version="1.0" encoding="UTF-8"?>
<!-- Generated by org.testng.reporters.JUnitReportReporter -->
<testsuite name="org.lao.testng.Data_Provider" tests="1" time="0.018" ignored="0" failures="0" timestamp="29 Nov 2021 17:15:57 GMT" skipped="0" hostname="LAPTOP-474KM3EH" errors="0">
  <testcase name="login" time="0.018" classname="org.lao.testng.Data_Provider"/>
</testsuite> <!-- org.lao.testng.Data_Provider -->
