<?xml version="1.0" encoding="UTF-8"?>
<!-- Generated by org.testng.reporters.JUnitReportReporter -->
<testsuite name="org.lao.testng.Driver_Car" tests="1" time="0.011" ignored="0" failures="0" timestamp="25 Nov 2021 17:58:25 GMT" skipped="0" hostname="LAPTOP-474KM3EH" errors="0">
  <testcase name="firstGear" time="0.011" classname="org.lao.testng.Driver_Car"/>
</testsuite> <!-- org.lao.testng.Driver_Car -->
